<?xml version="1.0" encoding="UTF-8"?>
<!-- Generated by org.testng.reporters.JUnitXMLReporter -->
<testsuite hostname="swathi-PC" ignored="0" name="Report" tests="7" failures="0" timestamp="29 Dec 2019 09:57:58 GMT" time="39.891" errors="0">
  <testcase name="reply" time="0.012" classname="dec26.TestCaseDemo"/>
  <testcase name="login" time="0.021" classname="dec26.TestCaseDemo"/>
  <testcase name="compose" time="0.027" classname="dec26.TestCaseDemo"/>
  <testcase name="registerlink" time="5.089" classname="dec27.com.Testcase_Demo"/>
  <testcase name="registerlink" time="6.163" classname="dec27.com.Testcase_Demo"/>
  <testcase name="hotellink" time="4.944" classname="dec27.com.Testcase_Demo"/>
  <testcase name="signonlink" time="5.218" classname="dec27.com.Testcase_Demo"/>
</testsuite> <!-- Report -->
