<?xml version="1.0" encoding="UTF-8"?>
<!-- Generated by org.testng.reporters.JUnitXMLReporter -->
<testsuite hostname="swathi-PC" ignored="0" name="Default test" tests="4" failures="0" timestamp="27 Dec 2019 17:05:32 GMT" time="31.386" errors="0">
  <testcase name="registerlink" time="5.436" classname="dec27.com.Testcase_Demo"/>
  <testcase name="registerlink" time="4.96" classname="dec27.com.Testcase_Demo"/>
  <testcase name="hotellink" time="5.193" classname="dec27.com.Testcase_Demo"/>
  <testcase name="signonlink" time="4.977" classname="dec27.com.Testcase_Demo"/>
</testsuite> <!-- Default test -->
