<?xml version="1.0" encoding="UTF-8"?>
<testng-results skipped="0" failed="0" ignored="0" total="4" passed="4">
  <reporter-output>
    <line>
      <![CDATA[Running setup]]>
    </line>
    <line>
      <![CDATA[Executing register test]]>
    </line>
    <line>
      <![CDATA[Executing register test]]>
    </line>
    <line>
      <![CDATA[Executing hotel test]]>
    </line>
    <line>
      <![CDATA[Executing signon test]]>
    </line>
  </reporter-output>
  <suite name="Default suite" duration-ms="31386" started-at="2019-12-27T17:05:00Z" finished-at="2019-12-27T17:05:32Z">
    <groups>
    </groups>
    <test name="Default test" duration-ms="31386" started-at="2019-12-27T17:05:00Z" finished-at="2019-12-27T17:05:32Z">
      <class name="dec27.com.Testcase_Demo">
        <test-method status="PASS" signature="setup()[pri:0, instance:dec27.com.Testcase_Demo@d41cee]" name="setup" is-config="true" duration-ms="6657" started-at="2019-12-27T17:05:00Z" finished-at="2019-12-27T17:05:07Z">
          <reporter-output>
            <line>
              <![CDATA[Running setup]]>
            </line>
          </reporter-output>
        </test-method> <!-- setup -->
        <test-method status="PASS" signature="registerlink()[pri:0, instance:dec27.com.Testcase_Demo@d41cee]" name="registerlink" duration-ms="5436" started-at="2019-12-27T17:05:07Z" description="verify register test" finished-at="2019-12-27T17:05:12Z">
          <reporter-output>
            <line>
              <![CDATA[Executing register test]]>
            </line>
          </reporter-output>
        </test-method> <!-- registerlink -->
        <test-method status="PASS" signature="registerlink()[pri:0, instance:dec27.com.Testcase_Demo@d41cee]" name="registerlink" duration-ms="4960" started-at="2019-12-27T17:05:12Z" description="verify register test" finished-at="2019-12-27T17:05:17Z">
          <reporter-output>
            <line>
              <![CDATA[Executing register test]]>
            </line>
          </reporter-output>
        </test-method> <!-- registerlink -->
        <test-method status="PASS" signature="hotellink()[pri:1, instance:dec27.com.Testcase_Demo@d41cee]" name="hotellink" duration-ms="5193" started-at="2019-12-27T17:05:17Z" description="verify hotel test" finished-at="2019-12-27T17:05:22Z">
          <reporter-output>
            <line>
              <![CDATA[Executing hotel test]]>
            </line>
          </reporter-output>
        </test-method> <!-- hotellink -->
        <test-method status="PASS" signature="signonlink()[pri:2, instance:dec27.com.Testcase_Demo@d41cee]" name="signonlink" duration-ms="4977" started-at="2019-12-27T17:05:22Z" description="verify signon test" finished-at="2019-12-27T17:05:27Z">
          <reporter-output>
            <line>
              <![CDATA[Executing signon test]]>
            </line>
          </reporter-output>
        </test-method> <!-- signonlink -->
        <test-method status="PASS" signature="teardown()[pri:0, instance:dec27.com.Testcase_Demo@d41cee]" name="teardown" is-config="true" duration-ms="4134" started-at="2019-12-27T17:05:27Z" finished-at="2019-12-27T17:05:32Z">
          <reporter-output>
          </reporter-output>
        </test-method> <!-- teardown -->
      </class> <!-- dec27.com.Testcase_Demo -->
    </test> <!-- Default test -->
  </suite> <!-- Default suite -->
</testng-results>
