<?xml version="1.0" encoding="UTF-8"?>
<testng-results skipped="0" failed="0" ignored="0" total="1" passed="1">
  <reporter-output>
  </reporter-output>
  <suite name="Default suite" duration-ms="21290" started-at="2019-12-29T11:19:41Z" finished-at="2019-12-29T11:20:02Z">
    <groups>
    </groups>
    <test name="Default test" duration-ms="21290" started-at="2019-12-29T11:19:41Z" finished-at="2019-12-29T11:20:02Z">
      <class name="dec29.Taking_Screenshot">
        <test-method status="PASS" signature="takescreen()[pri:0, instance:dec29.Taking_Screenshot@1a5f880]" name="takescreen" duration-ms="21274" started-at="2019-12-29T11:19:41Z" finished-at="2019-12-29T11:20:02Z">
          <reporter-output>
          </reporter-output>
        </test-method> <!-- takescreen -->
      </class> <!-- dec29.Taking_Screenshot -->
    </test> <!-- Default test -->
  </suite> <!-- Default suite -->
</testng-results>
