<?xml version="1.0" encoding="UTF-8"?>
<!-- Generated by org.testng.reporters.JUnitXMLReporter -->
<testsuite hostname="swathi-PC" ignored="0" name="Report2" tests="4" failures="0" timestamp="29 Dec 2019 10:33:45 GMT" time="35.656" errors="0">
  <testcase name="registerlink" time="5.068" classname="dec27.com.Testcase_Demo"/>
  <testcase name="registerlink" time="5.05" classname="dec27.com.Testcase_Demo"/>
  <testcase name="hotellink" time="6.127" classname="dec27.com.Testcase_Demo"/>
  <testcase name="signonlink" time="5.005" classname="dec27.com.Testcase_Demo"/>
</testsuite> <!-- Report2 -->
